<?xml version="1.0" encoding="utf-8"?><testsuites><testsuite name="pytest" errors="0" failures="0" skipped="0" tests="5" time="13.789" timestamp="2024-07-29T05:22:32.011569+00:00" hostname="fv-az585-131"><testcase classname="test.test_cart" name="test_add_item_to_cart" time="4.290" /><testcase classname="test.test_cart" name="test_delete_item_from_cart" time="2.533" /><testcase classname="test.test_login" name="test_login_with_valid_email" time="2.217" /><testcase classname="test.test_login" name="test_login_with_invalid_credential" time="2.350" /><testcase classname="test.test_login" name="test_login_with_locked_credential" time="2.358" /></testsuite></testsuites>