<?xml version="1.0" encoding="utf-8"?><testsuites><testsuite name="pytest" errors="0" failures="0" skipped="0" tests="5" time="11.566" timestamp="2024-07-30T04:55:18.750098+00:00" hostname="fv-az1020-246"><testcase classname="test.test_cart" name="test_add_item_to_cart" time="2.823" /><testcase classname="test.test_cart" name="test_delete_item_from_cart" time="2.358" /><testcase classname="test.test_login" name="test_login_with_valid_email" time="2.138" /><testcase classname="test.test_login" name="test_login_with_invalid_credential" time="2.128" /><testcase classname="test.test_login" name="test_login_with_locked_credential" time="2.080" /></testsuite></testsuites>